2024-11-15 02:35:23,991 - backup_manager - ERROR - Database backup failed: pg_dump failed: pg_dump: error: aborting because of server version mismatch
pg_dump: detail: server version: 16.4; pg_dump version: 15.7

2024-11-15 02:35:23,992 - backup_manager - ERROR - Error creating backup: pg_dump failed: pg_dump: error: aborting because of server version mismatch
pg_dump: detail: server version: 16.4; pg_dump version: 15.7

2024-11-15 02:36:09,555 - backup_manager - ERROR - Database backup failed: pg_dump failed: pg_dump: error: aborting because of server version mismatch
pg_dump: detail: server version: 16.4; pg_dump version: 15.7

2024-11-15 02:36:09,555 - backup_manager - ERROR - Error creating backup: pg_dump failed: pg_dump: error: aborting because of server version mismatch
pg_dump: detail: server version: 16.4; pg_dump version: 15.7

2024-11-15 02:37:37,777 - backup_manager - INFO - Schema backup created at backups/backup_20241115_023734/schema.sql.gz
2024-11-15 02:37:38,111 - backup_manager - ERROR - Database backup failed: Database dump failed: ERROR:  function pg_catalog.pg_dump_all_tables(boolean) does not exist
LINE 1: COPY  ( SELECT * FROM pg_catalog.pg_dump_all_tables ( true )...
                              ^
HINT:  No function matches the given name and argument types. You might need to add explicit type casts.

2024-11-15 02:37:38,111 - backup_manager - ERROR - Error creating backup: Database dump failed: ERROR:  function pg_catalog.pg_dump_all_tables(boolean) does not exist
LINE 1: COPY  ( SELECT * FROM pg_catalog.pg_dump_all_tables ( true )...
                              ^
HINT:  No function matches the given name and argument types. You might need to add explicit type casts.

2024-11-15 02:46:59,121 - backup_manager - INFO - Schema backup created at backups/backup_20241115_024654/schema.sql.gz
2024-11-15 02:46:59,491 - backup_manager - ERROR - Database backup failed: Database dump failed: ERROR:  function pg_catalog.pg_dump_all_tables(boolean) does not exist
LINE 1: COPY  ( SELECT * FROM pg_catalog.pg_dump_all_tables ( true )...
                              ^
HINT:  No function matches the given name and argument types. You might need to add explicit type casts.

2024-11-15 02:46:59,492 - backup_manager - ERROR - Error creating backup: Database dump failed: ERROR:  function pg_catalog.pg_dump_all_tables(boolean) does not exist
LINE 1: COPY  ( SELECT * FROM pg_catalog.pg_dump_all_tables ( true )...
                              ^
HINT:  No function matches the given name and argument types. You might need to add explicit type casts.

2024-11-15 03:02:09,403 - backup_manager - INFO - Schema backup created at backups/backup_20241115_030205/schema.sql.gz
2024-11-15 03:02:09,914 - backup_manager - ERROR - Database backup failed: Database dump failed: ERROR:  function pg_catalog.pg_dump_all_tables(boolean) does not exist
LINE 1: COPY  ( SELECT * FROM pg_catalog.pg_dump_all_tables ( true )...
                              ^
HINT:  No function matches the given name and argument types. You might need to add explicit type casts.

2024-11-15 03:02:09,914 - backup_manager - ERROR - Error creating backup: Database dump failed: ERROR:  function pg_catalog.pg_dump_all_tables(boolean) does not exist
LINE 1: COPY  ( SELECT * FROM pg_catalog.pg_dump_all_tables ( true )...
                              ^
HINT:  No function matches the given name and argument types. You might need to add explicit type casts.

2024-11-16 16:09:39,651 - backup_manager - INFO - Schema backup created at backups/backup_20241116_160935/schema.sql.gz
2024-11-16 16:09:40,092 - backup_manager - ERROR - Database backup failed: Database dump failed: ERROR:  function pg_catalog.pg_dump_all_tables(boolean) does not exist
LINE 1: COPY  ( SELECT * FROM pg_catalog.pg_dump_all_tables ( true )...
                              ^
HINT:  No function matches the given name and argument types. You might need to add explicit type casts.

2024-11-16 16:09:40,093 - backup_manager - ERROR - Error creating backup: Database dump failed: ERROR:  function pg_catalog.pg_dump_all_tables(boolean) does not exist
LINE 1: COPY  ( SELECT * FROM pg_catalog.pg_dump_all_tables ( true )...
                              ^
HINT:  No function matches the given name and argument types. You might need to add explicit type casts.

2024-11-16 16:10:45,619 - backup_manager - INFO - Schema backup created at backups/backup_20241116_161041/schema.sql.gz
2024-11-16 16:10:45,937 - backup_manager - ERROR - Database backup failed: Database dump failed: ERROR:  function pg_catalog.pg_dump_all_tables(boolean) does not exist
LINE 1: COPY  ( SELECT * FROM pg_catalog.pg_dump_all_tables ( true )...
                              ^
HINT:  No function matches the given name and argument types. You might need to add explicit type casts.

2024-11-16 16:10:45,937 - backup_manager - ERROR - Error creating backup: Database dump failed: ERROR:  function pg_catalog.pg_dump_all_tables(boolean) does not exist
LINE 1: COPY  ( SELECT * FROM pg_catalog.pg_dump_all_tables ( true )...
                              ^
HINT:  No function matches the given name and argument types. You might need to add explicit type casts.

2024-11-16 16:16:09,596 - backup_manager - INFO - Schema backup created at backups/backup_20241116_161605/schema.sql.gz
2024-11-16 16:16:09,983 - backup_manager - ERROR - Database backup failed: Database dump failed: ERROR:  function pg_catalog.pg_dump_all_tables(boolean) does not exist
LINE 1: COPY  ( SELECT * FROM pg_catalog.pg_dump_all_tables ( true )...
                              ^
HINT:  No function matches the given name and argument types. You might need to add explicit type casts.

2024-11-16 16:16:09,987 - backup_manager - ERROR - Error creating backup: Database dump failed: ERROR:  function pg_catalog.pg_dump_all_tables(boolean) does not exist
LINE 1: COPY  ( SELECT * FROM pg_catalog.pg_dump_all_tables ( true )...
                              ^
HINT:  No function matches the given name and argument types. You might need to add explicit type casts.

